2019-01-14 18:40:58,568:INFO: Loading the datasets...
2019-01-14 18:42:58,265:WARNING: From C:\Users\odgiiv\Anaconda3\lib\site-packages\tensorflow\contrib\learn\python\learn\datasets\base.py:198: retry (from tensorflow.contrib.learn.python.learn.datasets.base) is deprecated and will be removed in a future version.
Instructions for updating:
Use the retry module or similar alternatives.
2019-01-14 18:43:17,445:WARNING: Tensor._shape is private, use Tensor.shape instead. Tensor._shape will eventually be removed.
2019-01-14 18:43:26,133:WARNING: Tensor._shape is private, use Tensor.shape instead. Tensor._shape will eventually be removed.
2019-01-14 18:45:28,593:INFO: Loading the datasets...
2019-01-14 18:50:14,832:INFO: Loading the datasets...
2019-01-14 18:53:38,274:WARNING: Tensor._shape is private, use Tensor.shape instead. Tensor._shape will eventually be removed.
2019-01-14 18:53:39,412:WARNING: Tensor._shape is private, use Tensor.shape instead. Tensor._shape will eventually be removed.
2019-01-14 18:54:01,768:WARNING: Tensor._shape is private, use Tensor.shape instead. Tensor._shape will eventually be removed.
2019-01-14 18:54:03,166:WARNING: Tensor._shape is private, use Tensor.shape instead. Tensor._shape will eventually be removed.
2019-01-14 18:54:37,062:WARNING: Tensor._shape is private, use Tensor.shape instead. Tensor._shape will eventually be removed.
2019-01-14 18:54:50,517:WARNING: Tensor._shape is private, use Tensor.shape instead. Tensor._shape will eventually be removed.
2019-01-14 18:58:40,970:INFO: Loading the datasets...
2019-01-14 19:02:18,710:WARNING: Tensor._shape is private, use Tensor.shape instead. Tensor._shape will eventually be removed.
2019-01-14 19:05:50,837:INFO: Loading the datasets...
2019-01-14 19:11:53,379:INFO: Loading the datasets...
2019-01-14 19:16:31,986:WARNING: Tensor._shape is private, use Tensor.shape instead. Tensor._shape will eventually be removed.
2019-01-14 19:19:21,874:INFO: Loading the datasets...
2019-01-14 19:21:29,657:WARNING: Tensor._shape is private, use Tensor.shape instead. Tensor._shape will eventually be removed.
2019-01-14 19:21:30,525:WARNING: Tensor._shape is private, use Tensor.shape instead. Tensor._shape will eventually be removed.
2019-01-14 19:46:54,513:WARNING: Tensor._shape is private, use Tensor.shape instead. Tensor._shape will eventually be removed.
2019-01-14 19:46:56,160:WARNING: Tensor._shape is private, use Tensor.shape instead. Tensor._shape will eventually be removed.
2019-01-14 23:10:56,625:INFO: Loading the datasets...
2019-01-14 23:18:57,798:WARNING: Tensor._shape is private, use Tensor.shape instead. Tensor._shape will eventually be removed.
2019-01-14 23:19:00,028:WARNING: Tensor._shape is private, use Tensor.shape instead. Tensor._shape will eventually be removed.
2019-01-14 23:22:23,871:INFO: Loading the datasets...
2019-01-15 00:19:25,325:INFO: Loading the datasets...
2019-01-15 00:22:18,213:INFO: Loading the datasets...
2019-01-15 00:24:35,391:WARNING: From c:\Users\odgiiv\tmp\code\ultrasound_bone_segmentation_frmwrk\utils.py:14: calling softmax (from tensorflow.python.ops.nn_ops) with dim is deprecated and will be removed in a future version.
Instructions for updating:
dim is deprecated, use axis instead
2019-01-15 00:39:51,046:INFO: Loading the datasets...
2019-01-15 00:42:01,901:INFO: Loading the datasets...
2019-01-15 00:43:51,924:WARNING: From c:\Users\odgiiv\tmp\code\ultrasound_bone_segmentation_frmwrk\utils.py:15: calling softmax (from tensorflow.python.ops.nn_ops) with dim is deprecated and will be removed in a future version.
Instructions for updating:
dim is deprecated, use axis instead
2019-01-15 00:45:53,284:INFO: Loading the datasets...
2019-01-15 00:47:29,130:WARNING: From c:\Users\odgiiv\tmp\code\ultrasound_bone_segmentation_frmwrk\utils.py:15: calling softmax (from tensorflow.python.ops.nn_ops) with dim is deprecated and will be removed in a future version.
Instructions for updating:
dim is deprecated, use axis instead
2019-01-15 00:49:33,819:INFO: Loading the datasets...
2019-01-15 00:51:26,058:WARNING: From c:\Users\odgiiv\tmp\code\ultrasound_bone_segmentation_frmwrk\utils.py:15: calling softmax (from tensorflow.python.ops.nn_ops) with dim is deprecated and will be removed in a future version.
Instructions for updating:
dim is deprecated, use axis instead
2019-01-15 00:51:29,539:WARNING: Tensor._shape is private, use Tensor.shape instead. Tensor._shape will eventually be removed.
2019-01-15 00:51:33,716:WARNING: Tensor._shape is private, use Tensor.shape instead. Tensor._shape will eventually be removed.
2019-01-15 00:52:24,306:WARNING: Tensor._shape is private, use Tensor.shape instead. Tensor._shape will eventually be removed.
2019-01-15 00:52:33,127:WARNING: Tensor._shape is private, use Tensor.shape instead. Tensor._shape will eventually be removed.
2019-01-15 01:04:28,762:INFO: Loading the datasets...
2019-01-15 01:12:15,671:INFO: Loading the datasets...
2019-01-15 01:14:00,107:WARNING: From c:\Users\odgiiv\tmp\code\ultrasound_bone_segmentation_frmwrk\utils.py:18: calling softmax (from tensorflow.python.ops.nn_ops) with dim is deprecated and will be removed in a future version.
Instructions for updating:
dim is deprecated, use axis instead
2019-01-15 01:14:18,948:WARNING: From C:\Users\odgiiv\Anaconda3\lib\site-packages\tensorflow\contrib\learn\python\learn\datasets\base.py:198: retry (from tensorflow.contrib.learn.python.learn.datasets.base) is deprecated and will be removed in a future version.
Instructions for updating:
Use the retry module or similar alternatives.
2019-01-15 01:22:16,924:INFO: Loading the datasets...
2019-01-15 01:25:30,760:WARNING: Tensor._shape is private, use Tensor.shape instead. Tensor._shape will eventually be removed.
2019-01-15 01:25:34,931:WARNING: Tensor._shape is private, use Tensor.shape instead. Tensor._shape will eventually be removed.
2019-01-15 01:26:31,359:WARNING: Tensor._shape is private, use Tensor.shape instead. Tensor._shape will eventually be removed.
2019-01-15 01:26:32,906:WARNING: Tensor._shape is private, use Tensor.shape instead. Tensor._shape will eventually be removed.
2019-01-15 01:26:57,405:WARNING: Tensor._shape is private, use Tensor.shape instead. Tensor._shape will eventually be removed.
2019-01-15 01:27:09,699:WARNING: Tensor._shape is private, use Tensor.shape instead. Tensor._shape will eventually be removed.
2019-01-15 01:27:22,544:WARNING: From C:\Users\odgiiv\Anaconda3\lib\site-packages\tensorflow\contrib\learn\python\learn\datasets\base.py:198: retry (from tensorflow.contrib.learn.python.learn.datasets.base) is deprecated and will be removed in a future version.
Instructions for updating:
Use the retry module or similar alternatives.
2019-01-15 01:29:17,240:INFO: Loading the datasets...
2019-01-15 01:31:50,532:WARNING: Tensor._shape is private, use Tensor.shape instead. Tensor._shape will eventually be removed.
2019-01-15 01:36:37,454:INFO: Loading the datasets...
2019-01-15 01:38:09,564:WARNING: Tensor._shape is private, use Tensor.shape instead. Tensor._shape will eventually be removed.
2019-01-15 01:38:15,420:WARNING: Tensor._shape is private, use Tensor.shape instead. Tensor._shape will eventually be removed.
2019-01-15 01:38:21,678:WARNING: Tensor._shape is private, use Tensor.shape instead. Tensor._shape will eventually be removed.
2019-01-15 01:38:28,881:WARNING: Tensor._shape is private, use Tensor.shape instead. Tensor._shape will eventually be removed.
2019-01-15 01:39:07,934:WARNING: From C:\Users\odgiiv\Anaconda3\lib\site-packages\tensorflow\contrib\learn\python\learn\datasets\base.py:198: retry (from tensorflow.contrib.learn.python.learn.datasets.base) is deprecated and will be removed in a future version.
Instructions for updating:
Use the retry module or similar alternatives.
2019-01-15 01:39:15,585:WARNING: Tensor._shape is private, use Tensor.shape instead. Tensor._shape will eventually be removed.
2019-01-15 01:39:17,148:WARNING: Tensor._shape is private, use Tensor.shape instead. Tensor._shape will eventually be removed.
2019-01-15 01:39:17,721:WARNING: Tensor._shape is private, use Tensor.shape instead. Tensor._shape will eventually be removed.
2019-01-15 01:39:21,508:WARNING: Operation._control_inputs is private, use Operation.control_inputs instead. Operation._control_inputs will eventually be removed.
2019-01-15 01:39:21,509:WARNING: Operation._inputs is private, use Operation.inputs instead. Operation._inputs will eventually be removed.
2019-01-15 01:39:21,510:WARNING: Operation._node_def is private, use Operation.node_def instead. Operation._node_def will eventually be removed.
2019-01-15 01:39:21,511:WARNING: Operation._op_def is private, use Operation.op_def instead. Operation._op_def will eventually be removed.
2019-01-15 01:43:37,847:INFO: Loading the datasets...
2019-01-15 01:51:24,345:INFO: Loading the datasets...
2019-01-15 01:57:52,224:INFO: Loading the datasets...
2019-01-15 02:01:29,916:INFO: Loading the datasets...
2019-01-15 02:03:47,832:INFO: Epoch 1/50
2019-01-15 02:06:10,330:INFO: Loading the datasets...
2019-01-15 02:08:02,348:INFO: Epoch 1/50
2019-01-15 02:08:20,963:WARNING: From C:\Users\odgiiv\Anaconda3\lib\site-packages\tensorflow\contrib\learn\python\learn\datasets\base.py:198: retry (from tensorflow.contrib.learn.python.learn.datasets.base) is deprecated and will be removed in a future version.
Instructions for updating:
Use the retry module or similar alternatives.
2019-01-15 02:12:12,072:INFO: Loading the datasets...
2019-01-15 02:14:58,183:INFO: Epoch 1/50
2019-01-15 02:15:04,211:WARNING: Tensor._shape is private, use Tensor.shape instead. Tensor._shape will eventually be removed.
2019-01-15 02:15:05,268:WARNING: Tensor._shape is private, use Tensor.shape instead. Tensor._shape will eventually be removed.
2019-01-15 02:15:47,370:WARNING: Operation._control_inputs is private, use Operation.control_inputs instead. Operation._control_inputs will eventually be removed.
2019-01-15 02:15:47,371:WARNING: Operation._inputs is private, use Operation.inputs instead. Operation._inputs will eventually be removed.
2019-01-15 02:15:47,372:WARNING: Operation._node_def is private, use Operation.node_def instead. Operation._node_def will eventually be removed.
2019-01-15 02:15:47,374:WARNING: Operation._op_def is private, use Operation.op_def instead. Operation._op_def will eventually be removed.
2019-01-15 02:16:49,113:INFO: Loading the datasets...
2019-01-15 02:19:50,858:INFO: Epoch 1/50
2019-01-15 02:28:33,168:INFO: Loading the datasets...
2019-01-15 02:30:24,026:INFO: Epoch 1/50
2019-01-15 02:32:37,867:INFO: Loading the datasets...
2019-01-15 02:34:08,507:INFO: Epoch 1/50
2019-01-15 03:07:23,335:INFO: Loading the datasets...
2019-01-15 03:09:35,249:INFO: Loading the datasets...
2019-01-15 03:11:00,840:INFO: Epoch 1/50
2019-01-15 03:14:42,316:INFO: Loading the datasets...
2019-01-15 03:16:10,857:INFO: Epoch 1/50
2019-01-15 03:22:16,042:INFO: Loading the datasets...
2019-01-15 03:23:53,308:INFO: Epoch 1/50
2019-01-15 03:24:27,367:INFO: Epoch 2/50
2019-01-15 03:26:08,577:INFO: Loading the datasets...
2019-01-15 03:27:49,585:INFO: Epoch 1/50
